<?xml version="1.0" encoding="UTF-8"?>
<testsuite name="io.github.siemamen7.zad6.ShopE2ETest" tests="20" skipped="0" failures="0" errors="0" timestamp="2026-05-31T18:20:46.113Z" hostname="DESKTOP-RN32MD9" time="753.173">
  <properties/>
  <testcase name="test07_addSameProductTwiceShowsQuantityTwo()" classname="io.github.siemamen7.zad6.ShopE2ETest" time="37.797"/>
  <testcase name="test05_goToCartNavigatesToCartPage()" classname="io.github.siemamen7.zad6.ShopE2ETest" time="30.149"/>
  <testcase name="test02_productsPageShowsThreeProducts()" classname="io.github.siemamen7.zad6.ShopE2ETest" time="30.248"/>
  <testcase name="test14_emptyCartShowsZeroTotal()" classname="io.github.siemamen7.zad6.ShopE2ETest" time="29.054"/>
  <testcase name="test11_quantityLabelContainsNumericValue()" classname="io.github.siemamen7.zad6.ShopE2ETest" time="35.454"/>
  <testcase name="test08_addTwoDifferentProductsShowsBothInCart()" classname="io.github.siemamen7.zad6.ShopE2ETest" time="52.955"/>
  <testcase name="test20_fullCheckoutFlowFromProductsToPayment()" classname="io.github.siemamen7.zad6.ShopE2ETest" time="50.795"/>
  <testcase name="test18_payNowShowsSuccessAlert()" classname="io.github.siemamen7.zad6.ShopE2ETest" time="34.55"/>
  <testcase name="test13_backToProductsNavigatesToHome()" classname="io.github.siemamen7.zad6.ShopE2ETest" time="32.393"/>
  <testcase name="test19_cartClearedAfterSuccessfulPayment()" classname="io.github.siemamen7.zad6.ShopE2ETest" time="40.105"/>
  <testcase name="test09_cartPageShowsHeadingAndItems()" classname="io.github.siemamen7.zad6.ShopE2ETest" time="31.061"/>
  <testcase name="test03_eachProductShowsNameAndPrice()" classname="io.github.siemamen7.zad6.ShopE2ETest" time="40.831"/>
  <testcase name="test16_payNowDisabledForEmptyCart()" classname="io.github.siemamen7.zad6.ShopE2ETest" time="33.933"/>
  <testcase name="test15_cartTotalMatchesPaymentTotal()" classname="io.github.siemamen7.zad6.ShopE2ETest" time="45.453"/>
  <testcase name="test17_payNowEnabledWhenCartHasItems()" classname="io.github.siemamen7.zad6.ShopE2ETest" time="40.663"/>
  <testcase name="test01_productsPageLoadsWithHeading()" classname="io.github.siemamen7.zad6.ShopE2ETest" time="28.664"/>
  <testcase name="test04_eachProductHasAddToCartButton()" classname="io.github.siemamen7.zad6.ShopE2ETest" time="61.265"/>
  <testcase name="test10_cartTotalMatchesAddedProducts()" classname="io.github.siemamen7.zad6.ShopE2ETest" time="30.904"/>
  <testcase name="test12_paymentLinkNavigatesToPaymentPage()" classname="io.github.siemamen7.zad6.ShopE2ETest" time="33.225"/>
  <testcase name="test06_addSingleProductShowsQuantityOne()" classname="io.github.siemamen7.zad6.ShopE2ETest" time="31.873"/>
  <system-out><![CDATA[]]></system-out>
  <system-err><![CDATA[maj 31, 2026 8:20:47 PM org.openqa.selenium.remote.tracing.opentelemetry.OpenTelemetryTracer createTracer
INFO: Using OpenTelemetry for tracing
]]></system-err>
</testsuite>
